Build started 11/3/2014 11:01:41 PM.
     1>Project "C:\Users\Derek\workspace\visualStudioWorkspace\tutorialProject\tutorialProject\tutorialProject.vcxproj" on node 2 (Build target(s)).
     1>Link:
         C:\Program Files (x86)\Microsoft Visual Studio 11.0\VC\bin\link.exe /ERRORREPORT:PROMPT /OUT:"C:\Users\Derek\workspace\visualStudioWorkspace\tutorialProject\Debug\tutorialProject.exe" /INCREMENTAL /NOLOGO kernel32.lib user32.lib gdi32.lib winspool.lib comdlg32.lib advapi32.lib shell32.lib ole32.lib oleaut32.lib uuid.lib odbc32.lib odbccp32.lib /MANIFEST /MANIFESTUAC:"level='asInvoker' uiAccess='false'" /manifest:embed /DEBUG /PDB:"C:\Users\Derek\workspace\visualStudioWorkspace\tutorialProject\Debug\tutorialProject.pdb" /TLBID:1 /DYNAMICBASE /NXCOMPAT /IMPLIB:"C:\Users\Derek\workspace\visualStudioWorkspace\tutorialProject\Debug\tutorialProject.lib" /MACHINE:X86 Debug\tutorial1.obj
         Debug\tutorial2.obj
     1>tutorial2.obj : error LNK2005: _main already defined in tutorial1.obj
     1>C:\Users\Derek\workspace\visualStudioWorkspace\tutorialProject\Debug\tutorialProject.exe : fatal error LNK1169: one or more multiply defined symbols found
     1>Done Building Project "C:\Users\Derek\workspace\visualStudioWorkspace\tutorialProject\tutorialProject\tutorialProject.vcxproj" (Build target(s)) -- FAILED.

Build FAILED.

Time Elapsed 00:00:00.11
